--- Startup times for process: Primary (or UI client) ---

times in msec
 clock   self+sourced   self:  sourced script
 clock   elapsed:              other lines

000.000  000.000: --- NVIM STARTING ---
000.137  000.136: event init
000.225  000.088: early init
000.276  000.051: locale set
000.321  000.045: init first window
001.764  001.443: inits 1
001.770  000.005: window checked
001.772  000.002: parsing arguments
002.216  000.039  000.039: require('vim.shared')
002.291  000.033  000.033: require('vim.inspect')
002.330  000.030  000.030: require('vim._options')
002.331  000.113  000.050: require('vim._editor')
002.332  000.169  000.018: require('vim._init_packages')
002.334  000.392: init lua interpreter
007.210  004.876: nvim_ui_attach
007.508  000.299: nvim_set_client_info
007.510  000.002: --- NVIM STARTED ---

--- Startup times for process: Embedded ---

times in msec
 clock   self+sourced   self:  sourced script
 clock   elapsed:              other lines

000.000  000.000: --- NVIM STARTING ---
000.166  000.166: event init
000.265  000.099: early init
000.316  000.051: locale set
000.354  000.039: init first window
003.641  003.287: inits 1
003.653  000.011: window checked
003.656  000.003: parsing arguments
004.104  000.036  000.036: require('vim.shared')
004.246  000.091  000.091: require('vim.inspect')
004.286  000.031  000.031: require('vim._options')
004.288  000.181  000.060: require('vim._editor')
004.289  000.238  000.021: require('vim._init_packages')
004.290  000.396: init lua interpreter
004.355  000.065: expanding arguments
004.384  000.028: inits 2
004.572  000.188: init highlight
004.572  000.001: waiting for UI
004.646  000.074: done waiting for UI
004.648  000.002: clear screen
004.756  000.008  000.008: require('vim.keymap')
005.417  000.767  000.759: require('vim._defaults')
005.419  000.004: init default mappings & autocommands
005.784  000.085  000.085: sourcing /usr/local/share/nvim/runtime/ftplugin.vim
005.833  000.017  000.017: sourcing /usr/local/share/nvim/runtime/indent.vim
005.972  000.065  000.065: require('options')
006.187  000.213  000.213: require('keymaps')
006.213  000.024  000.024: require('plugins')
007.164  000.797  000.797: sourcing /usr/local/share/nvim/runtime/colors/vim.lua
007.436  001.097  000.300: sourcing /usr/local/share/nvim/runtime/colors/koehler.vim
007.442  001.559  000.161: sourcing /home/neovim/.config/nvim/init.lua
007.448  000.367: sourcing vimrc file(s)
007.608  000.013  000.013: sourcing /usr/share/nvim/site/ftdetect/ghostty.vim
007.621  000.137  000.124: sourcing /usr/local/share/nvim/runtime/filetype.lua
007.748  000.047  000.047: sourcing /usr/local/share/nvim/runtime/syntax/synload.vim
009.422  001.768  001.720: sourcing /usr/local/share/nvim/runtime/syntax/syntax.vim
010.077  000.137  000.137: sourcing /usr/local/share/nvim/runtime/plugin/gzip.vim
010.525  000.135  000.135: sourcing /usr/local/share/nvim/runtime/pack/dist/opt/matchit/plugin/matchit.vim
010.560  000.459  000.325: sourcing /usr/local/share/nvim/runtime/plugin/matchit.vim
010.676  000.098  000.098: sourcing /usr/local/share/nvim/runtime/plugin/matchparen.vim
011.232  000.237  000.237: sourcing /usr/local/share/nvim/runtime/pack/dist/opt/netrw/plugin/netrwPlugin.vim
011.284  000.586  000.349: sourcing /usr/local/share/nvim/runtime/plugin/netrwPlugin.vim
011.453  000.142  000.142: sourcing /usr/local/share/nvim/runtime/plugin/rplugin.vim
011.552  000.042  000.042: sourcing /usr/local/share/nvim/runtime/plugin/shada.vim
011.594  000.012  000.012: sourcing /usr/local/share/nvim/runtime/plugin/spellfile.vim
011.674  000.057  000.057: sourcing /usr/local/share/nvim/runtime/plugin/tarPlugin.vim
011.743  000.014  000.014: sourcing /usr/local/share/nvim/runtime/plugin/tutor.vim
011.899  000.128  000.128: sourcing /usr/local/share/nvim/runtime/plugin/zipPlugin.vim
011.980  000.044  000.044: sourcing /usr/local/share/nvim/runtime/plugin/editorconfig.lua
012.051  000.046  000.046: sourcing /usr/local/share/nvim/runtime/plugin/man.lua
012.518  000.355  000.355: require('vim.termcap')
012.577  000.047  000.047: require('vim.text')
012.596  000.520  000.117: sourcing /usr/local/share/nvim/runtime/plugin/osc52.lua
012.935  000.313  000.313: sourcing /usr/local/share/nvim/runtime/plugin/tohtml.lua
012.951  001.000: loading rtp plugins
013.050  000.100: loading packages
013.051  000.001: loading after plugins
013.060  000.008: inits 3
014.359  001.300: reading ShaDa
014.524  000.165: opening buffers
014.541  000.017: BufEnter autocommands
014.543  000.001: editing files in windows
014.615  000.072: VimEnter autocommands
014.617  000.002: UIEnter autocommands
015.003  000.337  000.337: sourcing /usr/local/share/nvim/runtime/autoload/provider/clipboard.vim
015.009  000.055: before starting main loop
015.145  000.136: first screen update
015.146  000.001: --- NVIM STARTED ---

